The system is: Linux - 5.13.6-202107300029 - x86_64
Compiling the C compiler identification source file "CMakeCCompilerId.c" succeeded.
Compiler: /usr/lib64/ccache/cc 
Build flags: ;-I/usr/src/com.unnsvc/com.unnsvc.buttcoin/bitcoindb/target/debug/build/leveldb-sys-b3eebc4395745c99/out/include;-ffunction-sections;-fdata-sections;-fPIC;-m64
Id flags:  

The output was:
0


Compilation of the C compiler identification source "CMakeCCompilerId.c" produced "a.out"

The C compiler identification is GNU, found in "/usr/src/com.unnsvc/com.unnsvc.buttcoin/bitcoindb/target/debug/build/leveldb-sys-b3eebc4395745c99/out/build/CMakeFiles/3.20.5/CompilerIdC/a.out"

Compiling the CXX compiler identification source file "CMakeCXXCompilerId.cpp" succeeded.
Compiler: /usr/lib64/ccache/c++ 
Build flags: ;-I/usr/src/com.unnsvc/com.unnsvc.buttcoin/bitcoindb/target/debug/build/leveldb-sys-b3eebc4395745c99/out/include;-ffunction-sections;-fdata-sections;-fPIC;-m64
Id flags:  

The output was:
0


Compilation of the CXX compiler identification source "CMakeCXXCompilerId.cpp" produced "a.out"

The CXX compiler identification is GNU, found in "/usr/src/com.unnsvc/com.unnsvc.buttcoin/bitcoindb/target/debug/build/leveldb-sys-b3eebc4395745c99/out/build/CMakeFiles/3.20.5/CompilerIdCXX/a.out"

Detecting C compiler ABI info compiled with the following output:
Change Dir: /usr/src/com.unnsvc/com.unnsvc.buttcoin/bitcoindb/target/debug/build/leveldb-sys-b3eebc4395745c99/out/build/CMakeFiles/CMakeTmp

Run Build Command(s):/usr/bin/gmake -f Makefile cmTC_0d537/fast && /usr/bin/gmake  -f CMakeFiles/cmTC_0d537.dir/build.make CMakeFiles/cmTC_0d537.dir/build
gmake[1]: Entering directory '/usr/src/com.unnsvc/com.unnsvc.buttcoin/bitcoindb/target/debug/build/leveldb-sys-b3eebc4395745c99/out/build/CMakeFiles/CMakeTmp'
Building C object CMakeFiles/cmTC_0d537.dir/CMakeCCompilerABI.c.o
/usr/lib64/ccache/cc   -I/usr/src/com.unnsvc/com.unnsvc.buttcoin/bitcoindb/target/debug/build/leveldb-sys-b3eebc4395745c99/out/include -ffunction-sections -fdata-sections -fPIC -m64    -v -o CMakeFiles/cmTC_0d537.dir/CMakeCCompilerABI.c.o -c /usr/share/cmake/Modules/CMakeCCompilerABI.c
Using built-in specs.
COLLECT_GCC=/usr/bin/cc
OFFLOAD_TARGET_NAMES=nvptx-none
OFFLOAD_TARGET_DEFAULT=1
Target: x86_64-redhat-linux
Configured with: ../configure --enable-bootstrap --enable-languages=c,c++,fortran,objc,obj-c++,ada,go,d,lto --prefix=/usr --mandir=/usr/share/man --infodir=/usr/share/info --with-bugurl=http://bugzilla.redhat.com/bugzilla --enable-shared --enable-threads=posix --enable-checking=release --enable-multilib --with-system-zlib --enable-__cxa_atexit --disable-libunwind-exceptions --enable-gnu-unique-object --enable-linker-build-id --with-gcc-major-version-only --with-linker-hash-style=gnu --enable-plugin --enable-initfini-array --with-isl=/builddir/build/BUILD/gcc-11.1.1-20210531/obj-x86_64-redhat-linux/isl-install --enable-offload-targets=nvptx-none --without-cuda-driver --enable-gnu-indirect-function --enable-cet --with-tune=generic --with-arch_32=i686 --build=x86_64-redhat-linux
Thread model: posix
Supported LTO compression algorithms: zlib zstd
gcc version 11.1.1 20210531 (Red Hat 11.1.1-3) (GCC) 
COLLECT_GCC_OPTIONS='-fdiagnostics-color=always' '-ffunction-sections' '-fdata-sections' '-fPIC' '-m64' '-v' '-I' '/usr/src/com.unnsvc/com.unnsvc.buttcoin/bitcoindb/target/debug/build/leveldb-sys-b3eebc4395745c99/out/include' '-c' '-o' 'CMakeFiles/cmTC_0d537.dir/CMakeCCompilerABI.c.o' '-mtune=generic' '-march=x86-64' '-dumpdir' 'CMakeFiles/cmTC_0d537.dir/'
 /usr/libexec/gcc/x86_64-redhat-linux/11/cc1 -quiet -v -I /usr/src/com.unnsvc/com.unnsvc.buttcoin/bitcoindb/target/debug/build/leveldb-sys-b3eebc4395745c99/out/include /usr/share/cmake/Modules/CMakeCCompilerABI.c -quiet -dumpdir CMakeFiles/cmTC_0d537.dir/ -dumpbase CMakeCCompilerABI.c.c -dumpbase-ext .c -m64 -mtune=generic -march=x86-64 -version -fdiagnostics-color=always -ffunction-sections -fdata-sections -fPIC -o /tmp/ccgXqDDt.s
GNU C17 (GCC) version 11.1.1 20210531 (Red Hat 11.1.1-3) (x86_64-redhat-linux)
	compiled by GNU C version 11.1.1 20210531 (Red Hat 11.1.1-3), GMP version 6.2.0, MPFR version 4.1.0-p13, MPC version 1.2.1, isl version isl-0.18-GMP

GGC heuristics: --param ggc-min-expand=100 --param ggc-min-heapsize=131072
ignoring nonexistent directory "/usr/lib/gcc/x86_64-redhat-linux/11/include-fixed"
ignoring nonexistent directory "/usr/lib/gcc/x86_64-redhat-linux/11/../../../../x86_64-redhat-linux/include"
#include "..." search starts here:
#include <...> search starts here:
 /usr/src/com.unnsvc/com.unnsvc.buttcoin/bitcoindb/target/debug/build/leveldb-sys-b3eebc4395745c99/out/include
 /usr/lib/gcc/x86_64-redhat-linux/11/include
 /usr/local/include
 /usr/include
End of search list.
GNU C17 (GCC) version 11.1.1 20210531 (Red Hat 11.1.1-3) (x86_64-redhat-linux)
	compiled by GNU C version 11.1.1 20210531 (Red Hat 11.1.1-3), GMP version 6.2.0, MPFR version 4.1.0-p13, MPC version 1.2.1, isl version isl-0.18-GMP

GGC heuristics: --param ggc-min-expand=100 --param ggc-min-heapsize=131072
Compiler executable checksum: 147699dd2c10be2630d381074a06fb9f
COLLECT_GCC_OPTIONS='-fdiagnostics-color=always' '-ffunction-sections' '-fdata-sections' '-fPIC' '-m64' '-v' '-I' '/usr/src/com.unnsvc/com.unnsvc.buttcoin/bitcoindb/target/debug/build/leveldb-sys-b3eebc4395745c99/out/include' '-c' '-o' 'CMakeFiles/cmTC_0d537.dir/CMakeCCompilerABI.c.o' '-mtune=generic' '-march=x86-64' '-dumpdir' 'CMakeFiles/cmTC_0d537.dir/'
 as -v -I /usr/src/com.unnsvc/com.unnsvc.buttcoin/bitcoindb/target/debug/build/leveldb-sys-b3eebc4395745c99/out/include --64 -o CMakeFiles/cmTC_0d537.dir/CMakeCCompilerABI.c.o /tmp/ccgXqDDt.s
GNU assembler version 2.35.1 (x86_64-redhat-linux) using BFD version version 2.35.1-41.fc34
COMPILER_PATH=/usr/libexec/gcc/x86_64-redhat-linux/11/:/usr/libexec/gcc/x86_64-redhat-linux/11/:/usr/libexec/gcc/x86_64-redhat-linux/:/usr/lib/gcc/x86_64-redhat-linux/11/:/usr/lib/gcc/x86_64-redhat-linux/
LIBRARY_PATH=/usr/lib/gcc/x86_64-redhat-linux/11/:/usr/lib/gcc/x86_64-redhat-linux/11/../../../../lib64/:/lib/../lib64/:/usr/lib/../lib64/:/usr/lib/gcc/x86_64-redhat-linux/11/../../../:/lib/:/usr/lib/
COLLECT_GCC_OPTIONS='-fdiagnostics-color=always' '-ffunction-sections' '-fdata-sections' '-fPIC' '-m64' '-v' '-I' '/usr/src/com.unnsvc/com.unnsvc.buttcoin/bitcoindb/target/debug/build/leveldb-sys-b3eebc4395745c99/out/include' '-c' '-o' 'CMakeFiles/cmTC_0d537.dir/CMakeCCompilerABI.c.o' '-mtune=generic' '-march=x86-64' '-dumpdir' 'CMakeFiles/cmTC_0d537.dir/CMakeCCompilerABI.c.'
Linking C executable cmTC_0d537
/usr/bin/cmake -E cmake_link_script CMakeFiles/cmTC_0d537.dir/link.txt --verbose=1
/usr/lib64/ccache/cc  -I/usr/src/com.unnsvc/com.unnsvc.buttcoin/bitcoindb/target/debug/build/leveldb-sys-b3eebc4395745c99/out/include -ffunction-sections -fdata-sections -fPIC -m64  -L/usr/src/com.unnsvc/com.unnsvc.buttcoin/bitcoindb/target/debug/build/leveldb-sys-b3eebc4395745c99/out/lib -v CMakeFiles/cmTC_0d537.dir/CMakeCCompilerABI.c.o -o cmTC_0d537 
Using built-in specs.
COLLECT_GCC=/usr/bin/cc
COLLECT_LTO_WRAPPER=/usr/libexec/gcc/x86_64-redhat-linux/11/lto-wrapper
OFFLOAD_TARGET_NAMES=nvptx-none
OFFLOAD_TARGET_DEFAULT=1
Target: x86_64-redhat-linux
Configured with: ../configure --enable-bootstrap --enable-languages=c,c++,fortran,objc,obj-c++,ada,go,d,lto --prefix=/usr --mandir=/usr/share/man --infodir=/usr/share/info --with-bugurl=http://bugzilla.redhat.com/bugzilla --enable-shared --enable-threads=posix --enable-checking=release --enable-multilib --with-system-zlib --enable-__cxa_atexit --disable-libunwind-exceptions --enable-gnu-unique-object --enable-linker-build-id --with-gcc-major-version-only --with-linker-hash-style=gnu --enable-plugin --enable-initfini-array --with-isl=/builddir/build/BUILD/gcc-11.1.1-20210531/obj-x86_64-redhat-linux/isl-install --enable-offload-targets=nvptx-none --without-cuda-driver --enable-gnu-indirect-function --enable-cet --with-tune=generic --with-arch_32=i686 --build=x86_64-redhat-linux
Thread model: posix
Supported LTO compression algorithms: zlib zstd
gcc version 11.1.1 20210531 (Red Hat 11.1.1-3) (GCC) 
COMPILER_PATH=/usr/libexec/gcc/x86_64-redhat-linux/11/:/usr/libexec/gcc/x86_64-redhat-linux/11/:/usr/libexec/gcc/x86_64-redhat-linux/:/usr/lib/gcc/x86_64-redhat-linux/11/:/usr/lib/gcc/x86_64-redhat-linux/
LIBRARY_PATH=/usr/lib/gcc/x86_64-redhat-linux/11/:/usr/lib/gcc/x86_64-redhat-linux/11/../../../../lib64/:/lib/../lib64/:/usr/lib/../lib64/:/usr/lib/gcc/x86_64-redhat-linux/11/../../../:/lib/:/usr/lib/
COLLECT_GCC_OPTIONS='-I' '/usr/src/com.unnsvc/com.unnsvc.buttcoin/bitcoindb/target/debug/build/leveldb-sys-b3eebc4395745c99/out/include' '-ffunction-sections' '-fdata-sections' '-fPIC' '-m64' '-L/usr/src/com.unnsvc/com.unnsvc.buttcoin/bitcoindb/target/debug/build/leveldb-sys-b3eebc4395745c99/out/lib' '-v' '-o' 'cmTC_0d537' '-mtune=generic' '-march=x86-64' '-dumpdir' 'cmTC_0d537.'
 /usr/libexec/gcc/x86_64-redhat-linux/11/collect2 -plugin /usr/libexec/gcc/x86_64-redhat-linux/11/liblto_plugin.so -plugin-opt=/usr/libexec/gcc/x86_64-redhat-linux/11/lto-wrapper -plugin-opt=-fresolution=/tmp/ccFHEpOU.res -plugin-opt=-pass-through=-lgcc -plugin-opt=-pass-through=-lgcc_s -plugin-opt=-pass-through=-lc -plugin-opt=-pass-through=-lgcc -plugin-opt=-pass-through=-lgcc_s --build-id --no-add-needed --eh-frame-hdr --hash-style=gnu -m elf_x86_64 -dynamic-linker /lib64/ld-linux-x86-64.so.2 -o cmTC_0d537 /usr/lib/gcc/x86_64-redhat-linux/11/../../../../lib64/crt1.o /usr/lib/gcc/x86_64-redhat-linux/11/../../../../lib64/crti.o /usr/lib/gcc/x86_64-redhat-linux/11/crtbegin.o -L/usr/src/com.unnsvc/com.unnsvc.buttcoin/bitcoindb/target/debug/build/leveldb-sys-b3eebc4395745c99/out/lib -L/usr/lib/gcc/x86_64-redhat-linux/11 -L/usr/lib/gcc/x86_64-redhat-linux/11/../../../../lib64 -L/lib/../lib64 -L/usr/lib/../lib64 -L/usr/lib/gcc/x86_64-redhat-linux/11/../../.. CMakeFiles/cmTC_0d537.dir/CMakeCCompilerABI.c.o -lgcc --push-state --as-needed -lgcc_s --pop-state -lc -lgcc --push-state --as-needed -lgcc_s --pop-state /usr/lib/gcc/x86_64-redhat-linux/11/crtend.o /usr/lib/gcc/x86_64-redhat-linux/11/../../../../lib64/crtn.o
COLLECT_GCC_OPTIONS='-I' '/usr/src/com.unnsvc/com.unnsvc.buttcoin/bitcoindb/target/debug/build/leveldb-sys-b3eebc4395745c99/out/include' '-ffunction-sections' '-fdata-sections' '-fPIC' '-m64' '-L/usr/src/com.unnsvc/com.unnsvc.buttcoin/bitcoindb/target/debug/build/leveldb-sys-b3eebc4395745c99/out/lib' '-v' '-o' 'cmTC_0d537' '-mtune=generic' '-march=x86-64' '-dumpdir' 'cmTC_0d537.'
gmake[1]: Leaving directory '/usr/src/com.unnsvc/com.unnsvc.buttcoin/bitcoindb/target/debug/build/leveldb-sys-b3eebc4395745c99/out/build/CMakeFiles/CMakeTmp'



Parsed C implicit include dir info from above output: rv=done
  found start of include info
  found start of implicit include info
    add: [/usr/src/com.unnsvc/com.unnsvc.buttcoin/bitcoindb/target/debug/build/leveldb-sys-b3eebc4395745c99/out/include]
    add: [/usr/lib/gcc/x86_64-redhat-linux/11/include]
    add: [/usr/local/include]
    add: [/usr/include]
  end of search list found
  collapse include dir [/usr/src/com.unnsvc/com.unnsvc.buttcoin/bitcoindb/target/debug/build/leveldb-sys-b3eebc4395745c99/out/include] ==> [/usr/src/com.unnsvc/com.unnsvc.buttcoin/bitcoindb/target/debug/build/leveldb-sys-b3eebc4395745c99/out/include]
  collapse include dir [/usr/lib/gcc/x86_64-redhat-linux/11/include] ==> [/usr/lib/gcc/x86_64-redhat-linux/11/include]
  collapse include dir [/usr/local/include] ==> [/usr/local/include]
  collapse include dir [/usr/include] ==> [/usr/include]
  implicit include dirs: [/usr/src/com.unnsvc/com.unnsvc.buttcoin/bitcoindb/target/debug/build/leveldb-sys-b3eebc4395745c99/out/include;/usr/lib/gcc/x86_64-redhat-linux/11/include;/usr/local/include;/usr/include]


Parsed C implicit link information from above output:
  link line regex: [^( *|.*[/\])(ld|CMAKE_LINK_STARTFILE-NOTFOUND|([^/\]+-)?ld|collect2)[^/\]*( |$)]
  ignore line: [Change Dir: /usr/src/com.unnsvc/com.unnsvc.buttcoin/bitcoindb/target/debug/build/leveldb-sys-b3eebc4395745c99/out/build/CMakeFiles/CMakeTmp]
  ignore line: []
  ignore line: [Run Build Command(s):/usr/bin/gmake -f Makefile cmTC_0d537/fast && /usr/bin/gmake  -f CMakeFiles/cmTC_0d537.dir/build.make CMakeFiles/cmTC_0d537.dir/build]
  ignore line: [gmake[1]: Entering directory '/usr/src/com.unnsvc/com.unnsvc.buttcoin/bitcoindb/target/debug/build/leveldb-sys-b3eebc4395745c99/out/build/CMakeFiles/CMakeTmp']
  ignore line: [Building C object CMakeFiles/cmTC_0d537.dir/CMakeCCompilerABI.c.o]
  ignore line: [/usr/lib64/ccache/cc   -I/usr/src/com.unnsvc/com.unnsvc.buttcoin/bitcoindb/target/debug/build/leveldb-sys-b3eebc4395745c99/out/include -ffunction-sections -fdata-sections -fPIC -m64    -v -o CMakeFiles/cmTC_0d537.dir/CMakeCCompilerABI.c.o -c /usr/share/cmake/Modules/CMakeCCompilerABI.c]
  ignore line: [Using built-in specs.]
  ignore line: [COLLECT_GCC=/usr/bin/cc]
  ignore line: [OFFLOAD_TARGET_NAMES=nvptx-none]
  ignore line: [OFFLOAD_TARGET_DEFAULT=1]
  ignore line: [Target: x86_64-redhat-linux]
  ignore line: [Configured with: ../configure --enable-bootstrap --enable-languages=c c++ fortran objc obj-c++ ada go d lto --prefix=/usr --mandir=/usr/share/man --infodir=/usr/share/info --with-bugurl=http://bugzilla.redhat.com/bugzilla --enable-shared --enable-threads=posix --enable-checking=release --enable-multilib --with-system-zlib --enable-__cxa_atexit --disable-libunwind-exceptions --enable-gnu-unique-object --enable-linker-build-id --with-gcc-major-version-only --with-linker-hash-style=gnu --enable-plugin --enable-initfini-array --with-isl=/builddir/build/BUILD/gcc-11.1.1-20210531/obj-x86_64-redhat-linux/isl-install --enable-offload-targets=nvptx-none --without-cuda-driver --enable-gnu-indirect-function --enable-cet --with-tune=generic --with-arch_32=i686 --build=x86_64-redhat-linux]
  ignore line: [Thread model: posix]
  ignore line: [Supported LTO compression algorithms: zlib zstd]
  ignore line: [gcc version 11.1.1 20210531 (Red Hat 11.1.1-3) (GCC) ]
  ignore line: [COLLECT_GCC_OPTIONS='-fdiagnostics-color=always' '-ffunction-sections' '-fdata-sections' '-fPIC' '-m64' '-v' '-I' '/usr/src/com.unnsvc/com.unnsvc.buttcoin/bitcoindb/target/debug/build/leveldb-sys-b3eebc4395745c99/out/include' '-c' '-o' 'CMakeFiles/cmTC_0d537.dir/CMakeCCompilerABI.c.o' '-mtune=generic' '-march=x86-64' '-dumpdir' 'CMakeFiles/cmTC_0d537.dir/']
  ignore line: [ /usr/libexec/gcc/x86_64-redhat-linux/11/cc1 -quiet -v -I /usr/src/com.unnsvc/com.unnsvc.buttcoin/bitcoindb/target/debug/build/leveldb-sys-b3eebc4395745c99/out/include /usr/share/cmake/Modules/CMakeCCompilerABI.c -quiet -dumpdir CMakeFiles/cmTC_0d537.dir/ -dumpbase CMakeCCompilerABI.c.c -dumpbase-ext .c -m64 -mtune=generic -march=x86-64 -version -fdiagnostics-color=always -ffunction-sections -fdata-sections -fPIC -o /tmp/ccgXqDDt.s]
  ignore line: [GNU C17 (GCC) version 11.1.1 20210531 (Red Hat 11.1.1-3) (x86_64-redhat-linux)]
  ignore line: [	compiled by GNU C version 11.1.1 20210531 (Red Hat 11.1.1-3)  GMP version 6.2.0  MPFR version 4.1.0-p13  MPC version 1.2.1  isl version isl-0.18-GMP]
  ignore line: []
  ignore line: [GGC heuristics: --param ggc-min-expand=100 --param ggc-min-heapsize=131072]
  ignore line: [ignoring nonexistent directory "/usr/lib/gcc/x86_64-redhat-linux/11/include-fixed"]
  ignore line: [ignoring nonexistent directory "/usr/lib/gcc/x86_64-redhat-linux/11/../../../../x86_64-redhat-linux/include"]
  ignore line: [#include "..." search starts here:]
  ignore line: [#include <...> search starts here:]
  ignore line: [ /usr/src/com.unnsvc/com.unnsvc.buttcoin/bitcoindb/target/debug/build/leveldb-sys-b3eebc4395745c99/out/include]
  ignore line: [ /usr/lib/gcc/x86_64-redhat-linux/11/include]
  ignore line: [ /usr/local/include]
  ignore line: [ /usr/include]
  ignore line: [End of search list.]
  ignore line: [GNU C17 (GCC) version 11.1.1 20210531 (Red Hat 11.1.1-3) (x86_64-redhat-linux)]
  ignore line: [	compiled by GNU C version 11.1.1 20210531 (Red Hat 11.1.1-3)  GMP version 6.2.0  MPFR version 4.1.0-p13  MPC version 1.2.1  isl version isl-0.18-GMP]
  ignore line: []
  ignore line: [GGC heuristics: --param ggc-min-expand=100 --param ggc-min-heapsize=131072]
  ignore line: [Compiler executable checksum: 147699dd2c10be2630d381074a06fb9f]
  ignore line: [COLLECT_GCC_OPTIONS='-fdiagnostics-color=always' '-ffunction-sections' '-fdata-sections' '-fPIC' '-m64' '-v' '-I' '/usr/src/com.unnsvc/com.unnsvc.buttcoin/bitcoindb/target/debug/build/leveldb-sys-b3eebc4395745c99/out/include' '-c' '-o' 'CMakeFiles/cmTC_0d537.dir/CMakeCCompilerABI.c.o' '-mtune=generic' '-march=x86-64' '-dumpdir' 'CMakeFiles/cmTC_0d537.dir/']
  ignore line: [ as -v -I /usr/src/com.unnsvc/com.unnsvc.buttcoin/bitcoindb/target/debug/build/leveldb-sys-b3eebc4395745c99/out/include --64 -o CMakeFiles/cmTC_0d537.dir/CMakeCCompilerABI.c.o /tmp/ccgXqDDt.s]
  ignore line: [GNU assembler version 2.35.1 (x86_64-redhat-linux) using BFD version version 2.35.1-41.fc34]
  ignore line: [COMPILER_PATH=/usr/libexec/gcc/x86_64-redhat-linux/11/:/usr/libexec/gcc/x86_64-redhat-linux/11/:/usr/libexec/gcc/x86_64-redhat-linux/:/usr/lib/gcc/x86_64-redhat-linux/11/:/usr/lib/gcc/x86_64-redhat-linux/]
  ignore line: [LIBRARY_PATH=/usr/lib/gcc/x86_64-redhat-linux/11/:/usr/lib/gcc/x86_64-redhat-linux/11/../../../../lib64/:/lib/../lib64/:/usr/lib/../lib64/:/usr/lib/gcc/x86_64-redhat-linux/11/../../../:/lib/:/usr/lib/]
  ignore line: [COLLECT_GCC_OPTIONS='-fdiagnostics-color=always' '-ffunction-sections' '-fdata-sections' '-fPIC' '-m64' '-v' '-I' '/usr/src/com.unnsvc/com.unnsvc.buttcoin/bitcoindb/target/debug/build/leveldb-sys-b3eebc4395745c99/out/include' '-c' '-o' 'CMakeFiles/cmTC_0d537.dir/CMakeCCompilerABI.c.o' '-mtune=generic' '-march=x86-64' '-dumpdir' 'CMakeFiles/cmTC_0d537.dir/CMakeCCompilerABI.c.']
  ignore line: [Linking C executable cmTC_0d537]
  ignore line: [/usr/bin/cmake -E cmake_link_script CMakeFiles/cmTC_0d537.dir/link.txt --verbose=1]
  ignore line: [/usr/lib64/ccache/cc  -I/usr/src/com.unnsvc/com.unnsvc.buttcoin/bitcoindb/target/debug/build/leveldb-sys-b3eebc4395745c99/out/include -ffunction-sections -fdata-sections -fPIC -m64  -L/usr/src/com.unnsvc/com.unnsvc.buttcoin/bitcoindb/target/debug/build/leveldb-sys-b3eebc4395745c99/out/lib -v CMakeFiles/cmTC_0d537.dir/CMakeCCompilerABI.c.o -o cmTC_0d537 ]
  ignore line: [Using built-in specs.]
  ignore line: [COLLECT_GCC=/usr/bin/cc]
  ignore line: [COLLECT_LTO_WRAPPER=/usr/libexec/gcc/x86_64-redhat-linux/11/lto-wrapper]
  ignore line: [OFFLOAD_TARGET_NAMES=nvptx-none]
  ignore line: [OFFLOAD_TARGET_DEFAULT=1]
  ignore line: [Target: x86_64-redhat-linux]
  ignore line: [Configured with: ../configure --enable-bootstrap --enable-languages=c c++ fortran objc obj-c++ ada go d lto --prefix=/usr --mandir=/usr/share/man --infodir=/usr/share/info --with-bugurl=http://bugzilla.redhat.com/bugzilla --enable-shared --enable-threads=posix --enable-checking=release --enable-multilib --with-system-zlib --enable-__cxa_atexit --disable-libunwind-exceptions --enable-gnu-unique-object --enable-linker-build-id --with-gcc-major-version-only --with-linker-hash-style=gnu --enable-plugin --enable-initfini-array --with-isl=/builddir/build/BUILD/gcc-11.1.1-20210531/obj-x86_64-redhat-linux/isl-install --enable-offload-targets=nvptx-none --without-cuda-driver --enable-gnu-indirect-function --enable-cet --with-tune=generic --with-arch_32=i686 --build=x86_64-redhat-linux]
  ignore line: [Thread model: posix]
  ignore line: [Supported LTO compression algorithms: zlib zstd]
  ignore line: [gcc version 11.1.1 20210531 (Red Hat 11.1.1-3) (GCC) ]
  ignore line: [COMPILER_PATH=/usr/libexec/gcc/x86_64-redhat-linux/11/:/usr/libexec/gcc/x86_64-redhat-linux/11/:/usr/libexec/gcc/x86_64-redhat-linux/:/usr/lib/gcc/x86_64-redhat-linux/11/:/usr/lib/gcc/x86_64-redhat-linux/]
  ignore line: [LIBRARY_PATH=/usr/lib/gcc/x86_64-redhat-linux/11/:/usr/lib/gcc/x86_64-redhat-linux/11/../../../../lib64/:/lib/../lib64/:/usr/lib/../lib64/:/usr/lib/gcc/x86_64-redhat-linux/11/../../../:/lib/:/usr/lib/]
  ignore line: [COLLECT_GCC_OPTIONS='-I' '/usr/src/com.unnsvc/com.unnsvc.buttcoin/bitcoindb/target/debug/build/leveldb-sys-b3eebc4395745c99/out/include' '-ffunction-sections' '-fdata-sections' '-fPIC' '-m64' '-L/usr/src/com.unnsvc/com.unnsvc.buttcoin/bitcoindb/target/debug/build/leveldb-sys-b3eebc4395745c99/out/lib' '-v' '-o' 'cmTC_0d537' '-mtune=generic' '-march=x86-64' '-dumpdir' 'cmTC_0d537.']
  link line: [ /usr/libexec/gcc/x86_64-redhat-linux/11/collect2 -plugin /usr/libexec/gcc/x86_64-redhat-linux/11/liblto_plugin.so -plugin-opt=/usr/libexec/gcc/x86_64-redhat-linux/11/lto-wrapper -plugin-opt=-fresolution=/tmp/ccFHEpOU.res -plugin-opt=-pass-through=-lgcc -plugin-opt=-pass-through=-lgcc_s -plugin-opt=-pass-through=-lc -plugin-opt=-pass-through=-lgcc -plugin-opt=-pass-through=-lgcc_s --build-id --no-add-needed --eh-frame-hdr --hash-style=gnu -m elf_x86_64 -dynamic-linker /lib64/ld-linux-x86-64.so.2 -o cmTC_0d537 /usr/lib/gcc/x86_64-redhat-linux/11/../../../../lib64/crt1.o /usr/lib/gcc/x86_64-redhat-linux/11/../../../../lib64/crti.o /usr/lib/gcc/x86_64-redhat-linux/11/crtbegin.o -L/usr/src/com.unnsvc/com.unnsvc.buttcoin/bitcoindb/target/debug/build/leveldb-sys-b3eebc4395745c99/out/lib -L/usr/lib/gcc/x86_64-redhat-linux/11 -L/usr/lib/gcc/x86_64-redhat-linux/11/../../../../lib64 -L/lib/../lib64 -L/usr/lib/../lib64 -L/usr/lib/gcc/x86_64-redhat-linux/11/../../.. CMakeFiles/cmTC_0d537.dir/CMakeCCompilerABI.c.o -lgcc --push-state --as-needed -lgcc_s --pop-state -lc -lgcc --push-state --as-needed -lgcc_s --pop-state /usr/lib/gcc/x86_64-redhat-linux/11/crtend.o /usr/lib/gcc/x86_64-redhat-linux/11/../../../../lib64/crtn.o]
    arg [/usr/libexec/gcc/x86_64-redhat-linux/11/collect2] ==> ignore
    arg [-plugin] ==> ignore
    arg [/usr/libexec/gcc/x86_64-redhat-linux/11/liblto_plugin.so] ==> ignore
    arg [-plugin-opt=/usr/libexec/gcc/x86_64-redhat-linux/11/lto-wrapper] ==> ignore
    arg [-plugin-opt=-fresolution=/tmp/ccFHEpOU.res] ==> ignore
    arg [-plugin-opt=-pass-through=-lgcc] ==> ignore
    arg [-plugin-opt=-pass-through=-lgcc_s] ==> ignore
    arg [-plugin-opt=-pass-through=-lc] ==> ignore
    arg [-plugin-opt=-pass-through=-lgcc] ==> ignore
    arg [-plugin-opt=-pass-through=-lgcc_s] ==> ignore
    arg [--build-id] ==> ignore
    arg [--no-add-needed] ==> ignore
    arg [--eh-frame-hdr] ==> ignore
    arg [--hash-style=gnu] ==> ignore
    arg [-m] ==> ignore
    arg [elf_x86_64] ==> ignore
    arg [-dynamic-linker] ==> ignore
    arg [/lib64/ld-linux-x86-64.so.2] ==> ignore
    arg [-o] ==> ignore
    arg [cmTC_0d537] ==> ignore
    arg [/usr/lib/gcc/x86_64-redhat-linux/11/../../../../lib64/crt1.o] ==> obj [/usr/lib/gcc/x86_64-redhat-linux/11/../../../../lib64/crt1.o]
    arg [/usr/lib/gcc/x86_64-redhat-linux/11/../../../../lib64/crti.o] ==> obj [/usr/lib/gcc/x86_64-redhat-linux/11/../../../../lib64/crti.o]
    arg [/usr/lib/gcc/x86_64-redhat-linux/11/crtbegin.o] ==> obj [/usr/lib/gcc/x86_64-redhat-linux/11/crtbegin.o]
    arg [-L/usr/src/com.unnsvc/com.unnsvc.buttcoin/bitcoindb/target/debug/build/leveldb-sys-b3eebc4395745c99/out/lib] ==> dir [/usr/src/com.unnsvc/com.unnsvc.buttcoin/bitcoindb/target/debug/build/leveldb-sys-b3eebc4395745c99/out/lib]
    arg [-L/usr/lib/gcc/x86_64-redhat-linux/11] ==> dir [/usr/lib/gcc/x86_64-redhat-linux/11]
    arg [-L/usr/lib/gcc/x86_64-redhat-linux/11/../../../../lib64] ==> dir [/usr/lib/gcc/x86_64-redhat-linux/11/../../../../lib64]
    arg [-L/lib/../lib64] ==> dir [/lib/../lib64]
    arg [-L/usr/lib/../lib64] ==> dir [/usr/lib/../lib64]
    arg [-L/usr/lib/gcc/x86_64-redhat-linux/11/../../..] ==> dir [/usr/lib/gcc/x86_64-redhat-linux/11/../../..]
    arg [CMakeFiles/cmTC_0d537.dir/CMakeCCompilerABI.c.o] ==> ignore
    arg [-lgcc] ==> lib [gcc]
    arg [--push-state] ==> ignore
    arg [--as-needed] ==> ignore
    arg [-lgcc_s] ==> lib [gcc_s]
    arg [--pop-state] ==> ignore
    arg [-lc] ==> lib [c]
    arg [-lgcc] ==> lib [gcc]
    arg [--push-state] ==> ignore
    arg [--as-needed] ==> ignore
    arg [-lgcc_s] ==> lib [gcc_s]
    arg [--pop-state] ==> ignore
    arg [/usr/lib/gcc/x86_64-redhat-linux/11/crtend.o] ==> obj [/usr/lib/gcc/x86_64-redhat-linux/11/crtend.o]
    arg [/usr/lib/gcc/x86_64-redhat-linux/11/../../../../lib64/crtn.o] ==> obj [/usr/lib/gcc/x86_64-redhat-linux/11/../../../../lib64/crtn.o]
  collapse obj [/usr/lib/gcc/x86_64-redhat-linux/11/../../../../lib64/crt1.o] ==> [/usr/lib64/crt1.o]
  collapse obj [/usr/lib/gcc/x86_64-redhat-linux/11/../../../../lib64/crti.o] ==> [/usr/lib64/crti.o]
  collapse obj [/usr/lib/gcc/x86_64-redhat-linux/11/../../../../lib64/crtn.o] ==> [/usr/lib64/crtn.o]
  collapse library dir [/usr/src/com.unnsvc/com.unnsvc.buttcoin/bitcoindb/target/debug/build/leveldb-sys-b3eebc4395745c99/out/lib] ==> [/usr/src/com.unnsvc/com.unnsvc.buttcoin/bitcoindb/target/debug/build/leveldb-sys-b3eebc4395745c99/out/lib]
  collapse library dir [/usr/lib/gcc/x86_64-redhat-linux/11] ==> [/usr/lib/gcc/x86_64-redhat-linux/11]
  collapse library dir [/usr/lib/gcc/x86_64-redhat-linux/11/../../../../lib64] ==> [/usr/lib64]
  collapse library dir [/lib/../lib64] ==> [/lib64]
  collapse library dir [/usr/lib/../lib64] ==> [/usr/lib64]
  collapse library dir [/usr/lib/gcc/x86_64-redhat-linux/11/../../..] ==> [/usr/lib]
  implicit libs: [gcc;gcc_s;c;gcc;gcc_s]
  implicit objs: [/usr/lib64/crt1.o;/usr/lib64/crti.o;/usr/lib/gcc/x86_64-redhat-linux/11/crtbegin.o;/usr/lib/gcc/x86_64-redhat-linux/11/crtend.o;/usr/lib64/crtn.o]
  implicit dirs: [/usr/src/com.unnsvc/com.unnsvc.buttcoin/bitcoindb/target/debug/build/leveldb-sys-b3eebc4395745c99/out/lib;/usr/lib/gcc/x86_64-redhat-linux/11;/usr/lib64;/lib64;/usr/lib]
  implicit fwks: []


Detecting CXX compiler ABI info compiled with the following output:
Change Dir: /usr/src/com.unnsvc/com.unnsvc.buttcoin/bitcoindb/target/debug/build/leveldb-sys-b3eebc4395745c99/out/build/CMakeFiles/CMakeTmp

Run Build Command(s):/usr/bin/gmake -f Makefile cmTC_c3ed1/fast && /usr/bin/gmake  -f CMakeFiles/cmTC_c3ed1.dir/build.make CMakeFiles/cmTC_c3ed1.dir/build
gmake[1]: Entering directory '/usr/src/com.unnsvc/com.unnsvc.buttcoin/bitcoindb/target/debug/build/leveldb-sys-b3eebc4395745c99/out/build/CMakeFiles/CMakeTmp'
Building CXX object CMakeFiles/cmTC_c3ed1.dir/CMakeCXXCompilerABI.cpp.o
/usr/lib64/ccache/c++   -I/usr/src/com.unnsvc/com.unnsvc.buttcoin/bitcoindb/target/debug/build/leveldb-sys-b3eebc4395745c99/out/include -ffunction-sections -fdata-sections -fPIC -m64    -v -o CMakeFiles/cmTC_c3ed1.dir/CMakeCXXCompilerABI.cpp.o -c /usr/share/cmake/Modules/CMakeCXXCompilerABI.cpp
Using built-in specs.
COLLECT_GCC=/usr/bin/c++
OFFLOAD_TARGET_NAMES=nvptx-none
OFFLOAD_TARGET_DEFAULT=1
Target: x86_64-redhat-linux
Configured with: ../configure --enable-bootstrap --enable-languages=c,c++,fortran,objc,obj-c++,ada,go,d,lto --prefix=/usr --mandir=/usr/share/man --infodir=/usr/share/info --with-bugurl=http://bugzilla.redhat.com/bugzilla --enable-shared --enable-threads=posix --enable-checking=release --enable-multilib --with-system-zlib --enable-__cxa_atexit --disable-libunwind-exceptions --enable-gnu-unique-object --enable-linker-build-id --with-gcc-major-version-only --with-linker-hash-style=gnu --enable-plugin --enable-initfini-array --with-isl=/builddir/build/BUILD/gcc-11.1.1-20210531/obj-x86_64-redhat-linux/isl-install --enable-offload-targets=nvptx-none --without-cuda-driver --enable-gnu-indirect-function --enable-cet --with-tune=generic --with-arch_32=i686 --build=x86_64-redhat-linux
Thread model: posix
Supported LTO compression algorithms: zlib zstd
gcc version 11.1.1 20210531 (Red Hat 11.1.1-3) (GCC) 
COLLECT_GCC_OPTIONS='-ffunction-sections' '-fdata-sections' '-fPIC' '-m64' '-v' '-I' '/usr/src/com.unnsvc/com.unnsvc.buttcoin/bitcoindb/target/debug/build/leveldb-sys-b3eebc4395745c99/out/include' '-c' '-o' 'CMakeFiles/cmTC_c3ed1.dir/CMakeCXXCompilerABI.cpp.o' '-shared-libgcc' '-mtune=generic' '-march=x86-64' '-dumpdir' 'CMakeFiles/cmTC_c3ed1.dir/'
 /usr/libexec/gcc/x86_64-redhat-linux/11/cc1plus -quiet -v -I /usr/src/com.unnsvc/com.unnsvc.buttcoin/bitcoindb/target/debug/build/leveldb-sys-b3eebc4395745c99/out/include -D_GNU_SOURCE /usr/share/cmake/Modules/CMakeCXXCompilerABI.cpp -quiet -dumpdir CMakeFiles/cmTC_c3ed1.dir/ -dumpbase CMakeCXXCompilerABI.cpp.cpp -dumpbase-ext .cpp -m64 -mtune=generic -march=x86-64 -version -ffunction-sections -fdata-sections -fPIC -o /tmp/ccbOBjgq.s
GNU C++17 (GCC) version 11.1.1 20210531 (Red Hat 11.1.1-3) (x86_64-redhat-linux)
	compiled by GNU C version 11.1.1 20210531 (Red Hat 11.1.1-3), GMP version 6.2.0, MPFR version 4.1.0-p13, MPC version 1.2.1, isl version isl-0.18-GMP

GGC heuristics: --param ggc-min-expand=100 --param ggc-min-heapsize=131072
ignoring nonexistent directory "/usr/lib/gcc/x86_64-redhat-linux/11/include-fixed"
ignoring nonexistent directory "/usr/lib/gcc/x86_64-redhat-linux/11/../../../../x86_64-redhat-linux/include"
#include "..." search starts here:
#include <...> search starts here:
 /usr/src/com.unnsvc/com.unnsvc.buttcoin/bitcoindb/target/debug/build/leveldb-sys-b3eebc4395745c99/out/include
 /usr/lib/gcc/x86_64-redhat-linux/11/../../../../include/c++/11
 /usr/lib/gcc/x86_64-redhat-linux/11/../../../../include/c++/11/x86_64-redhat-linux
 /usr/lib/gcc/x86_64-redhat-linux/11/../../../../include/c++/11/backward
 /usr/lib/gcc/x86_64-redhat-linux/11/include
 /usr/local/include
 /usr/include
End of search list.
GNU C++17 (GCC) version 11.1.1 20210531 (Red Hat 11.1.1-3) (x86_64-redhat-linux)
	compiled by GNU C version 11.1.1 20210531 (Red Hat 11.1.1-3), GMP version 6.2.0, MPFR version 4.1.0-p13, MPC version 1.2.1, isl version isl-0.18-GMP

GGC heuristics: --param ggc-min-expand=100 --param ggc-min-heapsize=131072
Compiler executable checksum: 1da4e3df68493608110fe609ed8f0de8
COLLECT_GCC_OPTIONS='-ffunction-sections' '-fdata-sections' '-fPIC' '-m64' '-v' '-I' '/usr/src/com.unnsvc/com.unnsvc.buttcoin/bitcoindb/target/debug/build/leveldb-sys-b3eebc4395745c99/out/include' '-c' '-o' 'CMakeFiles/cmTC_c3ed1.dir/CMakeCXXCompilerABI.cpp.o' '-shared-libgcc' '-mtune=generic' '-march=x86-64' '-dumpdir' 'CMakeFiles/cmTC_c3ed1.dir/'
 as -v -I /usr/src/com.unnsvc/com.unnsvc.buttcoin/bitcoindb/target/debug/build/leveldb-sys-b3eebc4395745c99/out/include --64 -o CMakeFiles/cmTC_c3ed1.dir/CMakeCXXCompilerABI.cpp.o /tmp/ccbOBjgq.s
GNU assembler version 2.35.1 (x86_64-redhat-linux) using BFD version version 2.35.1-41.fc34
COMPILER_PATH=/usr/libexec/gcc/x86_64-redhat-linux/11/:/usr/libexec/gcc/x86_64-redhat-linux/11/:/usr/libexec/gcc/x86_64-redhat-linux/:/usr/lib/gcc/x86_64-redhat-linux/11/:/usr/lib/gcc/x86_64-redhat-linux/
LIBRARY_PATH=/usr/lib/gcc/x86_64-redhat-linux/11/:/usr/lib/gcc/x86_64-redhat-linux/11/../../../../lib64/:/lib/../lib64/:/usr/lib/../lib64/:/usr/lib/gcc/x86_64-redhat-linux/11/../../../:/lib/:/usr/lib/
COLLECT_GCC_OPTIONS='-ffunction-sections' '-fdata-sections' '-fPIC' '-m64' '-v' '-I' '/usr/src/com.unnsvc/com.unnsvc.buttcoin/bitcoindb/target/debug/build/leveldb-sys-b3eebc4395745c99/out/include' '-c' '-o' 'CMakeFiles/cmTC_c3ed1.dir/CMakeCXXCompilerABI.cpp.o' '-shared-libgcc' '-mtune=generic' '-march=x86-64' '-dumpdir' 'CMakeFiles/cmTC_c3ed1.dir/CMakeCXXCompilerABI.cpp.'
Linking CXX executable cmTC_c3ed1
/usr/bin/cmake -E cmake_link_script CMakeFiles/cmTC_c3ed1.dir/link.txt --verbose=1
/usr/lib64/ccache/c++  -I/usr/src/com.unnsvc/com.unnsvc.buttcoin/bitcoindb/target/debug/build/leveldb-sys-b3eebc4395745c99/out/include -ffunction-sections -fdata-sections -fPIC -m64  -L/usr/src/com.unnsvc/com.unnsvc.buttcoin/bitcoindb/target/debug/build/leveldb-sys-b3eebc4395745c99/out/lib -v CMakeFiles/cmTC_c3ed1.dir/CMakeCXXCompilerABI.cpp.o -o cmTC_c3ed1 
Using built-in specs.
COLLECT_GCC=/usr/bin/c++
COLLECT_LTO_WRAPPER=/usr/libexec/gcc/x86_64-redhat-linux/11/lto-wrapper
OFFLOAD_TARGET_NAMES=nvptx-none
OFFLOAD_TARGET_DEFAULT=1
Target: x86_64-redhat-linux
Configured with: ../configure --enable-bootstrap --enable-languages=c,c++,fortran,objc,obj-c++,ada,go,d,lto --prefix=/usr --mandir=/usr/share/man --infodir=/usr/share/info --with-bugurl=http://bugzilla.redhat.com/bugzilla --enable-shared --enable-threads=posix --enable-checking=release --enable-multilib --with-system-zlib --enable-__cxa_atexit --disable-libunwind-exceptions --enable-gnu-unique-object --enable-linker-build-id --with-gcc-major-version-only --with-linker-hash-style=gnu --enable-plugin --enable-initfini-array --with-isl=/builddir/build/BUILD/gcc-11.1.1-20210531/obj-x86_64-redhat-linux/isl-install --enable-offload-targets=nvptx-none --without-cuda-driver --enable-gnu-indirect-function --enable-cet --with-tune=generic --with-arch_32=i686 --build=x86_64-redhat-linux
Thread model: posix
Supported LTO compression algorithms: zlib zstd
gcc version 11.1.1 20210531 (Red Hat 11.1.1-3) (GCC) 
COMPILER_PATH=/usr/libexec/gcc/x86_64-redhat-linux/11/:/usr/libexec/gcc/x86_64-redhat-linux/11/:/usr/libexec/gcc/x86_64-redhat-linux/:/usr/lib/gcc/x86_64-redhat-linux/11/:/usr/lib/gcc/x86_64-redhat-linux/
LIBRARY_PATH=/usr/lib/gcc/x86_64-redhat-linux/11/:/usr/lib/gcc/x86_64-redhat-linux/11/../../../../lib64/:/lib/../lib64/:/usr/lib/../lib64/:/usr/lib/gcc/x86_64-redhat-linux/11/../../../:/lib/:/usr/lib/
COLLECT_GCC_OPTIONS='-I' '/usr/src/com.unnsvc/com.unnsvc.buttcoin/bitcoindb/target/debug/build/leveldb-sys-b3eebc4395745c99/out/include' '-ffunction-sections' '-fdata-sections' '-fPIC' '-m64' '-L/usr/src/com.unnsvc/com.unnsvc.buttcoin/bitcoindb/target/debug/build/leveldb-sys-b3eebc4395745c99/out/lib' '-v' '-o' 'cmTC_c3ed1' '-shared-libgcc' '-mtune=generic' '-march=x86-64' '-dumpdir' 'cmTC_c3ed1.'
 /usr/libexec/gcc/x86_64-redhat-linux/11/collect2 -plugin /usr/libexec/gcc/x86_64-redhat-linux/11/liblto_plugin.so -plugin-opt=/usr/libexec/gcc/x86_64-redhat-linux/11/lto-wrapper -plugin-opt=-fresolution=/tmp/ccx9dITD.res -plugin-opt=-pass-through=-lgcc_s -plugin-opt=-pass-through=-lgcc -plugin-opt=-pass-through=-lc -plugin-opt=-pass-through=-lgcc_s -plugin-opt=-pass-through=-lgcc --build-id --no-add-needed --eh-frame-hdr --hash-style=gnu -m elf_x86_64 -dynamic-linker /lib64/ld-linux-x86-64.so.2 -o cmTC_c3ed1 /usr/lib/gcc/x86_64-redhat-linux/11/../../../../lib64/crt1.o /usr/lib/gcc/x86_64-redhat-linux/11/../../../../lib64/crti.o /usr/lib/gcc/x86_64-redhat-linux/11/crtbegin.o -L/usr/src/com.unnsvc/com.unnsvc.buttcoin/bitcoindb/target/debug/build/leveldb-sys-b3eebc4395745c99/out/lib -L/usr/lib/gcc/x86_64-redhat-linux/11 -L/usr/lib/gcc/x86_64-redhat-linux/11/../../../../lib64 -L/lib/../lib64 -L/usr/lib/../lib64 -L/usr/lib/gcc/x86_64-redhat-linux/11/../../.. CMakeFiles/cmTC_c3ed1.dir/CMakeCXXCompilerABI.cpp.o -lstdc++ -lm -lgcc_s -lgcc -lc -lgcc_s -lgcc /usr/lib/gcc/x86_64-redhat-linux/11/crtend.o /usr/lib/gcc/x86_64-redhat-linux/11/../../../../lib64/crtn.o
COLLECT_GCC_OPTIONS='-I' '/usr/src/com.unnsvc/com.unnsvc.buttcoin/bitcoindb/target/debug/build/leveldb-sys-b3eebc4395745c99/out/include' '-ffunction-sections' '-fdata-sections' '-fPIC' '-m64' '-L/usr/src/com.unnsvc/com.unnsvc.buttcoin/bitcoindb/target/debug/build/leveldb-sys-b3eebc4395745c99/out/lib' '-v' '-o' 'cmTC_c3ed1' '-shared-libgcc' '-mtune=generic' '-march=x86-64' '-dumpdir' 'cmTC_c3ed1.'
gmake[1]: Leaving directory '/usr/src/com.unnsvc/com.unnsvc.buttcoin/bitcoindb/target/debug/build/leveldb-sys-b3eebc4395745c99/out/build/CMakeFiles/CMakeTmp'



Parsed CXX implicit include dir info from above output: rv=done
  found start of include info
  found start of implicit include info
    add: [/usr/src/com.unnsvc/com.unnsvc.buttcoin/bitcoindb/target/debug/build/leveldb-sys-b3eebc4395745c99/out/include]
    add: [/usr/lib/gcc/x86_64-redhat-linux/11/../../../../include/c++/11]
    add: [/usr/lib/gcc/x86_64-redhat-linux/11/../../../../include/c++/11/x86_64-redhat-linux]
    add: [/usr/lib/gcc/x86_64-redhat-linux/11/../../../../include/c++/11/backward]
    add: [/usr/lib/gcc/x86_64-redhat-linux/11/include]
    add: [/usr/local/include]
    add: [/usr/include]
  end of search list found
  collapse include dir [/usr/src/com.unnsvc/com.unnsvc.buttcoin/bitcoindb/target/debug/build/leveldb-sys-b3eebc4395745c99/out/include] ==> [/usr/src/com.unnsvc/com.unnsvc.buttcoin/bitcoindb/target/debug/build/leveldb-sys-b3eebc4395745c99/out/include]
  collapse include dir [/usr/lib/gcc/x86_64-redhat-linux/11/../../../../include/c++/11] ==> [/usr/include/c++/11]
  collapse include dir [/usr/lib/gcc/x86_64-redhat-linux/11/../../../../include/c++/11/x86_64-redhat-linux] ==> [/usr/include/c++/11/x86_64-redhat-linux]
  collapse include dir [/usr/lib/gcc/x86_64-redhat-linux/11/../../../../include/c++/11/backward] ==> [/usr/include/c++/11/backward]
  collapse include dir [/usr/lib/gcc/x86_64-redhat-linux/11/include] ==> [/usr/lib/gcc/x86_64-redhat-linux/11/include]
  collapse include dir [/usr/local/include] ==> [/usr/local/include]
  collapse include dir [/usr/include] ==> [/usr/include]
  implicit include dirs: [/usr/src/com.unnsvc/com.unnsvc.buttcoin/bitcoindb/target/debug/build/leveldb-sys-b3eebc4395745c99/out/include;/usr/include/c++/11;/usr/include/c++/11/x86_64-redhat-linux;/usr/include/c++/11/backward;/usr/lib/gcc/x86_64-redhat-linux/11/include;/usr/local/include;/usr/include]


Parsed CXX implicit link information from above output:
  link line regex: [^( *|.*[/\])(ld|CMAKE_LINK_STARTFILE-NOTFOUND|([^/\]+-)?ld|collect2)[^/\]*( |$)]
  ignore line: [Change Dir: /usr/src/com.unnsvc/com.unnsvc.buttcoin/bitcoindb/target/debug/build/leveldb-sys-b3eebc4395745c99/out/build/CMakeFiles/CMakeTmp]
  ignore line: []
  ignore line: [Run Build Command(s):/usr/bin/gmake -f Makefile cmTC_c3ed1/fast && /usr/bin/gmake  -f CMakeFiles/cmTC_c3ed1.dir/build.make CMakeFiles/cmTC_c3ed1.dir/build]
  ignore line: [gmake[1]: Entering directory '/usr/src/com.unnsvc/com.unnsvc.buttcoin/bitcoindb/target/debug/build/leveldb-sys-b3eebc4395745c99/out/build/CMakeFiles/CMakeTmp']
  ignore line: [Building CXX object CMakeFiles/cmTC_c3ed1.dir/CMakeCXXCompilerABI.cpp.o]
  ignore line: [/usr/lib64/ccache/c++   -I/usr/src/com.unnsvc/com.unnsvc.buttcoin/bitcoindb/target/debug/build/leveldb-sys-b3eebc4395745c99/out/include -ffunction-sections -fdata-sections -fPIC -m64    -v -o CMakeFiles/cmTC_c3ed1.dir/CMakeCXXCompilerABI.cpp.o -c /usr/share/cmake/Modules/CMakeCXXCompilerABI.cpp]
  ignore line: [Using built-in specs.]
  ignore line: [COLLECT_GCC=/usr/bin/c++]
  ignore line: [OFFLOAD_TARGET_NAMES=nvptx-none]
  ignore line: [OFFLOAD_TARGET_DEFAULT=1]
  ignore line: [Target: x86_64-redhat-linux]
  ignore line: [Configured with: ../configure --enable-bootstrap --enable-languages=c c++ fortran objc obj-c++ ada go d lto --prefix=/usr --mandir=/usr/share/man --infodir=/usr/share/info --with-bugurl=http://bugzilla.redhat.com/bugzilla --enable-shared --enable-threads=posix --enable-checking=release --enable-multilib --with-system-zlib --enable-__cxa_atexit --disable-libunwind-exceptions --enable-gnu-unique-object --enable-linker-build-id --with-gcc-major-version-only --with-linker-hash-style=gnu --enable-plugin --enable-initfini-array --with-isl=/builddir/build/BUILD/gcc-11.1.1-20210531/obj-x86_64-redhat-linux/isl-install --enable-offload-targets=nvptx-none --without-cuda-driver --enable-gnu-indirect-function --enable-cet --with-tune=generic --with-arch_32=i686 --build=x86_64-redhat-linux]
  ignore line: [Thread model: posix]
  ignore line: [Supported LTO compression algorithms: zlib zstd]
  ignore line: [gcc version 11.1.1 20210531 (Red Hat 11.1.1-3) (GCC) ]
  ignore line: [COLLECT_GCC_OPTIONS='-ffunction-sections' '-fdata-sections' '-fPIC' '-m64' '-v' '-I' '/usr/src/com.unnsvc/com.unnsvc.buttcoin/bitcoindb/target/debug/build/leveldb-sys-b3eebc4395745c99/out/include' '-c' '-o' 'CMakeFiles/cmTC_c3ed1.dir/CMakeCXXCompilerABI.cpp.o' '-shared-libgcc' '-mtune=generic' '-march=x86-64' '-dumpdir' 'CMakeFiles/cmTC_c3ed1.dir/']
  ignore line: [ /usr/libexec/gcc/x86_64-redhat-linux/11/cc1plus -quiet -v -I /usr/src/com.unnsvc/com.unnsvc.buttcoin/bitcoindb/target/debug/build/leveldb-sys-b3eebc4395745c99/out/include -D_GNU_SOURCE /usr/share/cmake/Modules/CMakeCXXCompilerABI.cpp -quiet -dumpdir CMakeFiles/cmTC_c3ed1.dir/ -dumpbase CMakeCXXCompilerABI.cpp.cpp -dumpbase-ext .cpp -m64 -mtune=generic -march=x86-64 -version -ffunction-sections -fdata-sections -fPIC -o /tmp/ccbOBjgq.s]
  ignore line: [GNU C++17 (GCC) version 11.1.1 20210531 (Red Hat 11.1.1-3) (x86_64-redhat-linux)]
  ignore line: [	compiled by GNU C version 11.1.1 20210531 (Red Hat 11.1.1-3)  GMP version 6.2.0  MPFR version 4.1.0-p13  MPC version 1.2.1  isl version isl-0.18-GMP]
  ignore line: []
  ignore line: [GGC heuristics: --param ggc-min-expand=100 --param ggc-min-heapsize=131072]
  ignore line: [ignoring nonexistent directory "/usr/lib/gcc/x86_64-redhat-linux/11/include-fixed"]
  ignore line: [ignoring nonexistent directory "/usr/lib/gcc/x86_64-redhat-linux/11/../../../../x86_64-redhat-linux/include"]
  ignore line: [#include "..." search starts here:]
  ignore line: [#include <...> search starts here:]
  ignore line: [ /usr/src/com.unnsvc/com.unnsvc.buttcoin/bitcoindb/target/debug/build/leveldb-sys-b3eebc4395745c99/out/include]
  ignore line: [ /usr/lib/gcc/x86_64-redhat-linux/11/../../../../include/c++/11]
  ignore line: [ /usr/lib/gcc/x86_64-redhat-linux/11/../../../../include/c++/11/x86_64-redhat-linux]
  ignore line: [ /usr/lib/gcc/x86_64-redhat-linux/11/../../../../include/c++/11/backward]
  ignore line: [ /usr/lib/gcc/x86_64-redhat-linux/11/include]
  ignore line: [ /usr/local/include]
  ignore line: [ /usr/include]
  ignore line: [End of search list.]
  ignore line: [GNU C++17 (GCC) version 11.1.1 20210531 (Red Hat 11.1.1-3) (x86_64-redhat-linux)]
  ignore line: [	compiled by GNU C version 11.1.1 20210531 (Red Hat 11.1.1-3)  GMP version 6.2.0  MPFR version 4.1.0-p13  MPC version 1.2.1  isl version isl-0.18-GMP]
  ignore line: []
  ignore line: [GGC heuristics: --param ggc-min-expand=100 --param ggc-min-heapsize=131072]
  ignore line: [Compiler executable checksum: 1da4e3df68493608110fe609ed8f0de8]
  ignore line: [COLLECT_GCC_OPTIONS='-ffunction-sections' '-fdata-sections' '-fPIC' '-m64' '-v' '-I' '/usr/src/com.unnsvc/com.unnsvc.buttcoin/bitcoindb/target/debug/build/leveldb-sys-b3eebc4395745c99/out/include' '-c' '-o' 'CMakeFiles/cmTC_c3ed1.dir/CMakeCXXCompilerABI.cpp.o' '-shared-libgcc' '-mtune=generic' '-march=x86-64' '-dumpdir' 'CMakeFiles/cmTC_c3ed1.dir/']
  ignore line: [ as -v -I /usr/src/com.unnsvc/com.unnsvc.buttcoin/bitcoindb/target/debug/build/leveldb-sys-b3eebc4395745c99/out/include --64 -o CMakeFiles/cmTC_c3ed1.dir/CMakeCXXCompilerABI.cpp.o /tmp/ccbOBjgq.s]
  ignore line: [GNU assembler version 2.35.1 (x86_64-redhat-linux) using BFD version version 2.35.1-41.fc34]
  ignore line: [COMPILER_PATH=/usr/libexec/gcc/x86_64-redhat-linux/11/:/usr/libexec/gcc/x86_64-redhat-linux/11/:/usr/libexec/gcc/x86_64-redhat-linux/:/usr/lib/gcc/x86_64-redhat-linux/11/:/usr/lib/gcc/x86_64-redhat-linux/]
  ignore line: [LIBRARY_PATH=/usr/lib/gcc/x86_64-redhat-linux/11/:/usr/lib/gcc/x86_64-redhat-linux/11/../../../../lib64/:/lib/../lib64/:/usr/lib/../lib64/:/usr/lib/gcc/x86_64-redhat-linux/11/../../../:/lib/:/usr/lib/]
  ignore line: [COLLECT_GCC_OPTIONS='-ffunction-sections' '-fdata-sections' '-fPIC' '-m64' '-v' '-I' '/usr/src/com.unnsvc/com.unnsvc.buttcoin/bitcoindb/target/debug/build/leveldb-sys-b3eebc4395745c99/out/include' '-c' '-o' 'CMakeFiles/cmTC_c3ed1.dir/CMakeCXXCompilerABI.cpp.o' '-shared-libgcc' '-mtune=generic' '-march=x86-64' '-dumpdir' 'CMakeFiles/cmTC_c3ed1.dir/CMakeCXXCompilerABI.cpp.']
  ignore line: [Linking CXX executable cmTC_c3ed1]
  ignore line: [/usr/bin/cmake -E cmake_link_script CMakeFiles/cmTC_c3ed1.dir/link.txt --verbose=1]
  ignore line: [/usr/lib64/ccache/c++  -I/usr/src/com.unnsvc/com.unnsvc.buttcoin/bitcoindb/target/debug/build/leveldb-sys-b3eebc4395745c99/out/include -ffunction-sections -fdata-sections -fPIC -m64  -L/usr/src/com.unnsvc/com.unnsvc.buttcoin/bitcoindb/target/debug/build/leveldb-sys-b3eebc4395745c99/out/lib -v CMakeFiles/cmTC_c3ed1.dir/CMakeCXXCompilerABI.cpp.o -o cmTC_c3ed1 ]
  ignore line: [Using built-in specs.]
  ignore line: [COLLECT_GCC=/usr/bin/c++]
  ignore line: [COLLECT_LTO_WRAPPER=/usr/libexec/gcc/x86_64-redhat-linux/11/lto-wrapper]
  ignore line: [OFFLOAD_TARGET_NAMES=nvptx-none]
  ignore line: [OFFLOAD_TARGET_DEFAULT=1]
  ignore line: [Target: x86_64-redhat-linux]
  ignore line: [Configured with: ../configure --enable-bootstrap --enable-languages=c c++ fortran objc obj-c++ ada go d lto --prefix=/usr --mandir=/usr/share/man --infodir=/usr/share/info --with-bugurl=http://bugzilla.redhat.com/bugzilla --enable-shared --enable-threads=posix --enable-checking=release --enable-multilib --with-system-zlib --enable-__cxa_atexit --disable-libunwind-exceptions --enable-gnu-unique-object --enable-linker-build-id --with-gcc-major-version-only --with-linker-hash-style=gnu --enable-plugin --enable-initfini-array --with-isl=/builddir/build/BUILD/gcc-11.1.1-20210531/obj-x86_64-redhat-linux/isl-install --enable-offload-targets=nvptx-none --without-cuda-driver --enable-gnu-indirect-function --enable-cet --with-tune=generic --with-arch_32=i686 --build=x86_64-redhat-linux]
  ignore line: [Thread model: posix]
  ignore line: [Supported LTO compression algorithms: zlib zstd]
  ignore line: [gcc version 11.1.1 20210531 (Red Hat 11.1.1-3) (GCC) ]
  ignore line: [COMPILER_PATH=/usr/libexec/gcc/x86_64-redhat-linux/11/:/usr/libexec/gcc/x86_64-redhat-linux/11/:/usr/libexec/gcc/x86_64-redhat-linux/:/usr/lib/gcc/x86_64-redhat-linux/11/:/usr/lib/gcc/x86_64-redhat-linux/]
  ignore line: [LIBRARY_PATH=/usr/lib/gcc/x86_64-redhat-linux/11/:/usr/lib/gcc/x86_64-redhat-linux/11/../../../../lib64/:/lib/../lib64/:/usr/lib/../lib64/:/usr/lib/gcc/x86_64-redhat-linux/11/../../../:/lib/:/usr/lib/]
  ignore line: [COLLECT_GCC_OPTIONS='-I' '/usr/src/com.unnsvc/com.unnsvc.buttcoin/bitcoindb/target/debug/build/leveldb-sys-b3eebc4395745c99/out/include' '-ffunction-sections' '-fdata-sections' '-fPIC' '-m64' '-L/usr/src/com.unnsvc/com.unnsvc.buttcoin/bitcoindb/target/debug/build/leveldb-sys-b3eebc4395745c99/out/lib' '-v' '-o' 'cmTC_c3ed1' '-shared-libgcc' '-mtune=generic' '-march=x86-64' '-dumpdir' 'cmTC_c3ed1.']
  link line: [ /usr/libexec/gcc/x86_64-redhat-linux/11/collect2 -plugin /usr/libexec/gcc/x86_64-redhat-linux/11/liblto_plugin.so -plugin-opt=/usr/libexec/gcc/x86_64-redhat-linux/11/lto-wrapper -plugin-opt=-fresolution=/tmp/ccx9dITD.res -plugin-opt=-pass-through=-lgcc_s -plugin-opt=-pass-through=-lgcc -plugin-opt=-pass-through=-lc -plugin-opt=-pass-through=-lgcc_s -plugin-opt=-pass-through=-lgcc --build-id --no-add-needed --eh-frame-hdr --hash-style=gnu -m elf_x86_64 -dynamic-linker /lib64/ld-linux-x86-64.so.2 -o cmTC_c3ed1 /usr/lib/gcc/x86_64-redhat-linux/11/../../../../lib64/crt1.o /usr/lib/gcc/x86_64-redhat-linux/11/../../../../lib64/crti.o /usr/lib/gcc/x86_64-redhat-linux/11/crtbegin.o -L/usr/src/com.unnsvc/com.unnsvc.buttcoin/bitcoindb/target/debug/build/leveldb-sys-b3eebc4395745c99/out/lib -L/usr/lib/gcc/x86_64-redhat-linux/11 -L/usr/lib/gcc/x86_64-redhat-linux/11/../../../../lib64 -L/lib/../lib64 -L/usr/lib/../lib64 -L/usr/lib/gcc/x86_64-redhat-linux/11/../../.. CMakeFiles/cmTC_c3ed1.dir/CMakeCXXCompilerABI.cpp.o -lstdc++ -lm -lgcc_s -lgcc -lc -lgcc_s -lgcc /usr/lib/gcc/x86_64-redhat-linux/11/crtend.o /usr/lib/gcc/x86_64-redhat-linux/11/../../../../lib64/crtn.o]
    arg [/usr/libexec/gcc/x86_64-redhat-linux/11/collect2] ==> ignore
    arg [-plugin] ==> ignore
    arg [/usr/libexec/gcc/x86_64-redhat-linux/11/liblto_plugin.so] ==> ignore
    arg [-plugin-opt=/usr/libexec/gcc/x86_64-redhat-linux/11/lto-wrapper] ==> ignore
    arg [-plugin-opt=-fresolution=/tmp/ccx9dITD.res] ==> ignore
    arg [-plugin-opt=-pass-through=-lgcc_s] ==> ignore
    arg [-plugin-opt=-pass-through=-lgcc] ==> ignore
    arg [-plugin-opt=-pass-through=-lc] ==> ignore
    arg [-plugin-opt=-pass-through=-lgcc_s] ==> ignore
    arg [-plugin-opt=-pass-through=-lgcc] ==> ignore
    arg [--build-id] ==> ignore
    arg [--no-add-needed] ==> ignore
    arg [--eh-frame-hdr] ==> ignore
    arg [--hash-style=gnu] ==> ignore
    arg [-m] ==> ignore
    arg [elf_x86_64] ==> ignore
    arg [-dynamic-linker] ==> ignore
    arg [/lib64/ld-linux-x86-64.so.2] ==> ignore
    arg [-o] ==> ignore
    arg [cmTC_c3ed1] ==> ignore
    arg [/usr/lib/gcc/x86_64-redhat-linux/11/../../../../lib64/crt1.o] ==> obj [/usr/lib/gcc/x86_64-redhat-linux/11/../../../../lib64/crt1.o]
    arg [/usr/lib/gcc/x86_64-redhat-linux/11/../../../../lib64/crti.o] ==> obj [/usr/lib/gcc/x86_64-redhat-linux/11/../../../../lib64/crti.o]
    arg [/usr/lib/gcc/x86_64-redhat-linux/11/crtbegin.o] ==> obj [/usr/lib/gcc/x86_64-redhat-linux/11/crtbegin.o]
    arg [-L/usr/src/com.unnsvc/com.unnsvc.buttcoin/bitcoindb/target/debug/build/leveldb-sys-b3eebc4395745c99/out/lib] ==> dir [/usr/src/com.unnsvc/com.unnsvc.buttcoin/bitcoindb/target/debug/build/leveldb-sys-b3eebc4395745c99/out/lib]
    arg [-L/usr/lib/gcc/x86_64-redhat-linux/11] ==> dir [/usr/lib/gcc/x86_64-redhat-linux/11]
    arg [-L/usr/lib/gcc/x86_64-redhat-linux/11/../../../../lib64] ==> dir [/usr/lib/gcc/x86_64-redhat-linux/11/../../../../lib64]
    arg [-L/lib/../lib64] ==> dir [/lib/../lib64]
    arg [-L/usr/lib/../lib64] ==> dir [/usr/lib/../lib64]
    arg [-L/usr/lib/gcc/x86_64-redhat-linux/11/../../..] ==> dir [/usr/lib/gcc/x86_64-redhat-linux/11/../../..]
    arg [CMakeFiles/cmTC_c3ed1.dir/CMakeCXXCompilerABI.cpp.o] ==> ignore
    arg [-lstdc++] ==> lib [stdc++]
    arg [-lm] ==> lib [m]
    arg [-lgcc_s] ==> lib [gcc_s]
    arg [-lgcc] ==> lib [gcc]
    arg [-lc] ==> lib [c]
    arg [-lgcc_s] ==> lib [gcc_s]
    arg [-lgcc] ==> lib [gcc]
    arg [/usr/lib/gcc/x86_64-redhat-linux/11/crtend.o] ==> obj [/usr/lib/gcc/x86_64-redhat-linux/11/crtend.o]
    arg [/usr/lib/gcc/x86_64-redhat-linux/11/../../../../lib64/crtn.o] ==> obj [/usr/lib/gcc/x86_64-redhat-linux/11/../../../../lib64/crtn.o]
  collapse obj [/usr/lib/gcc/x86_64-redhat-linux/11/../../../../lib64/crt1.o] ==> [/usr/lib64/crt1.o]
  collapse obj [/usr/lib/gcc/x86_64-redhat-linux/11/../../../../lib64/crti.o] ==> [/usr/lib64/crti.o]
  collapse obj [/usr/lib/gcc/x86_64-redhat-linux/11/../../../../lib64/crtn.o] ==> [/usr/lib64/crtn.o]
  collapse library dir [/usr/src/com.unnsvc/com.unnsvc.buttcoin/bitcoindb/target/debug/build/leveldb-sys-b3eebc4395745c99/out/lib] ==> [/usr/src/com.unnsvc/com.unnsvc.buttcoin/bitcoindb/target/debug/build/leveldb-sys-b3eebc4395745c99/out/lib]
  collapse library dir [/usr/lib/gcc/x86_64-redhat-linux/11] ==> [/usr/lib/gcc/x86_64-redhat-linux/11]
  collapse library dir [/usr/lib/gcc/x86_64-redhat-linux/11/../../../../lib64] ==> [/usr/lib64]
  collapse library dir [/lib/../lib64] ==> [/lib64]
  collapse library dir [/usr/lib/../lib64] ==> [/usr/lib64]
  collapse library dir [/usr/lib/gcc/x86_64-redhat-linux/11/../../..] ==> [/usr/lib]
  implicit libs: [stdc++;m;gcc_s;gcc;c;gcc_s;gcc]
  implicit objs: [/usr/lib64/crt1.o;/usr/lib64/crti.o;/usr/lib/gcc/x86_64-redhat-linux/11/crtbegin.o;/usr/lib/gcc/x86_64-redhat-linux/11/crtend.o;/usr/lib64/crtn.o]
  implicit dirs: [/usr/src/com.unnsvc/com.unnsvc.buttcoin/bitcoindb/target/debug/build/leveldb-sys-b3eebc4395745c99/out/lib;/usr/lib/gcc/x86_64-redhat-linux/11;/usr/lib64;/lib64;/usr/lib]
  implicit fwks: []


Determining if the include file unistd.h exists passed with the following output:
Change Dir: /usr/src/com.unnsvc/com.unnsvc.buttcoin/bitcoindb/target/debug/build/leveldb-sys-b3eebc4395745c99/out/build/CMakeFiles/CMakeTmp

Run Build Command(s):/usr/bin/gmake -f Makefile cmTC_d814c/fast && /usr/bin/gmake  -f CMakeFiles/cmTC_d814c.dir/build.make CMakeFiles/cmTC_d814c.dir/build
gmake[1]: Entering directory '/usr/src/com.unnsvc/com.unnsvc.buttcoin/bitcoindb/target/debug/build/leveldb-sys-b3eebc4395745c99/out/build/CMakeFiles/CMakeTmp'
Building C object CMakeFiles/cmTC_d814c.dir/CheckIncludeFile.c.o
/usr/lib64/ccache/cc   -I/usr/src/com.unnsvc/com.unnsvc.buttcoin/bitcoindb/target/debug/build/leveldb-sys-b3eebc4395745c99/out/include -ffunction-sections -fdata-sections -fPIC -m64  -std=c11 -o CMakeFiles/cmTC_d814c.dir/CheckIncludeFile.c.o -c /usr/src/com.unnsvc/com.unnsvc.buttcoin/bitcoindb/target/debug/build/leveldb-sys-b3eebc4395745c99/out/build/CMakeFiles/CMakeTmp/CheckIncludeFile.c
Linking C executable cmTC_d814c
/usr/bin/cmake -E cmake_link_script CMakeFiles/cmTC_d814c.dir/link.txt --verbose=1
/usr/lib64/ccache/cc  -I/usr/src/com.unnsvc/com.unnsvc.buttcoin/bitcoindb/target/debug/build/leveldb-sys-b3eebc4395745c99/out/include -ffunction-sections -fdata-sections -fPIC -m64  -L/usr/src/com.unnsvc/com.unnsvc.buttcoin/bitcoindb/target/debug/build/leveldb-sys-b3eebc4395745c99/out/lib  CMakeFiles/cmTC_d814c.dir/CheckIncludeFile.c.o -o cmTC_d814c 
gmake[1]: Leaving directory '/usr/src/com.unnsvc/com.unnsvc.buttcoin/bitcoindb/target/debug/build/leveldb-sys-b3eebc4395745c99/out/build/CMakeFiles/CMakeTmp'



Determining if the fdatasync exist passed with the following output:
Change Dir: /usr/src/com.unnsvc/com.unnsvc.buttcoin/bitcoindb/target/debug/build/leveldb-sys-b3eebc4395745c99/out/build/CMakeFiles/CMakeTmp

Run Build Command(s):/usr/bin/gmake -f Makefile cmTC_292f1/fast && /usr/bin/gmake  -f CMakeFiles/cmTC_292f1.dir/build.make CMakeFiles/cmTC_292f1.dir/build
gmake[1]: Entering directory '/usr/src/com.unnsvc/com.unnsvc.buttcoin/bitcoindb/target/debug/build/leveldb-sys-b3eebc4395745c99/out/build/CMakeFiles/CMakeTmp'
Building CXX object CMakeFiles/cmTC_292f1.dir/CheckSymbolExists.cxx.o
/usr/lib64/ccache/c++   -I/usr/src/com.unnsvc/com.unnsvc.buttcoin/bitcoindb/target/debug/build/leveldb-sys-b3eebc4395745c99/out/include -ffunction-sections -fdata-sections -fPIC -m64  -std=c++11 -o CMakeFiles/cmTC_292f1.dir/CheckSymbolExists.cxx.o -c /usr/src/com.unnsvc/com.unnsvc.buttcoin/bitcoindb/target/debug/build/leveldb-sys-b3eebc4395745c99/out/build/CMakeFiles/CMakeTmp/CheckSymbolExists.cxx
Linking CXX executable cmTC_292f1
/usr/bin/cmake -E cmake_link_script CMakeFiles/cmTC_292f1.dir/link.txt --verbose=1
/usr/lib64/ccache/c++  -I/usr/src/com.unnsvc/com.unnsvc.buttcoin/bitcoindb/target/debug/build/leveldb-sys-b3eebc4395745c99/out/include -ffunction-sections -fdata-sections -fPIC -m64  -L/usr/src/com.unnsvc/com.unnsvc.buttcoin/bitcoindb/target/debug/build/leveldb-sys-b3eebc4395745c99/out/lib  CMakeFiles/cmTC_292f1.dir/CheckSymbolExists.cxx.o -o cmTC_292f1 
gmake[1]: Leaving directory '/usr/src/com.unnsvc/com.unnsvc.buttcoin/bitcoindb/target/debug/build/leveldb-sys-b3eebc4395745c99/out/build/CMakeFiles/CMakeTmp'


File /usr/src/com.unnsvc/com.unnsvc.buttcoin/bitcoindb/target/debug/build/leveldb-sys-b3eebc4395745c99/out/build/CMakeFiles/CMakeTmp/CheckSymbolExists.cxx:
/* */
#include <unistd.h>

int main(int argc, char** argv)
{
  (void)argv;
#ifndef fdatasync
  return ((int*)(&fdatasync))[argc];
#else
  (void)argc;
  return 0;
#endif
}
Performing C++ SOURCE FILE Test HAVE_CXX17_HAS_INCLUDE succeeded with the following output:
Change Dir: /usr/src/com.unnsvc/com.unnsvc.buttcoin/bitcoindb/target/debug/build/leveldb-sys-b3eebc4395745c99/out/build/CMakeFiles/CMakeTmp

Run Build Command(s):/usr/bin/gmake -f Makefile cmTC_097b9/fast && /usr/bin/gmake  -f CMakeFiles/cmTC_097b9.dir/build.make CMakeFiles/cmTC_097b9.dir/build
gmake[1]: Entering directory '/usr/src/com.unnsvc/com.unnsvc.buttcoin/bitcoindb/target/debug/build/leveldb-sys-b3eebc4395745c99/out/build/CMakeFiles/CMakeTmp'
Building CXX object CMakeFiles/cmTC_097b9.dir/src.cxx.o
/usr/lib64/ccache/c++ -DHAVE_CXX17_HAS_INCLUDE  -I/usr/src/com.unnsvc/com.unnsvc.buttcoin/bitcoindb/target/debug/build/leveldb-sys-b3eebc4395745c99/out/include -ffunction-sections -fdata-sections -fPIC -m64  -std=c++11 -o CMakeFiles/cmTC_097b9.dir/src.cxx.o -c /usr/src/com.unnsvc/com.unnsvc.buttcoin/bitcoindb/target/debug/build/leveldb-sys-b3eebc4395745c99/out/build/CMakeFiles/CMakeTmp/src.cxx
Linking CXX executable cmTC_097b9
/usr/bin/cmake -E cmake_link_script CMakeFiles/cmTC_097b9.dir/link.txt --verbose=1
/usr/lib64/ccache/c++  -I/usr/src/com.unnsvc/com.unnsvc.buttcoin/bitcoindb/target/debug/build/leveldb-sys-b3eebc4395745c99/out/include -ffunction-sections -fdata-sections -fPIC -m64  -L/usr/src/com.unnsvc/com.unnsvc.buttcoin/bitcoindb/target/debug/build/leveldb-sys-b3eebc4395745c99/out/lib  CMakeFiles/cmTC_097b9.dir/src.cxx.o -o cmTC_097b9 
gmake[1]: Leaving directory '/usr/src/com.unnsvc/com.unnsvc.buttcoin/bitcoindb/target/debug/build/leveldb-sys-b3eebc4395745c99/out/build/CMakeFiles/CMakeTmp'


Source file was:

#if defined(__has_include) &&  __has_include(<string>)
#include <string>
#endif
int main() { std::string str; return 0; }

Determining if the include file pthread.h exists passed with the following output:
Change Dir: /usr/src/com.unnsvc/com.unnsvc.buttcoin/bitcoindb/target/debug/build/leveldb-sys-b3eebc4395745c99/out/build/CMakeFiles/CMakeTmp

Run Build Command(s):/usr/bin/gmake -f Makefile cmTC_5e813/fast && /usr/bin/gmake  -f CMakeFiles/cmTC_5e813.dir/build.make CMakeFiles/cmTC_5e813.dir/build
gmake[1]: Entering directory '/usr/src/com.unnsvc/com.unnsvc.buttcoin/bitcoindb/target/debug/build/leveldb-sys-b3eebc4395745c99/out/build/CMakeFiles/CMakeTmp'
Building C object CMakeFiles/cmTC_5e813.dir/CheckIncludeFile.c.o
/usr/lib64/ccache/cc   -I/usr/src/com.unnsvc/com.unnsvc.buttcoin/bitcoindb/target/debug/build/leveldb-sys-b3eebc4395745c99/out/include -ffunction-sections -fdata-sections -fPIC -m64  -std=c11 -o CMakeFiles/cmTC_5e813.dir/CheckIncludeFile.c.o -c /usr/src/com.unnsvc/com.unnsvc.buttcoin/bitcoindb/target/debug/build/leveldb-sys-b3eebc4395745c99/out/build/CMakeFiles/CMakeTmp/CheckIncludeFile.c
Linking C executable cmTC_5e813
/usr/bin/cmake -E cmake_link_script CMakeFiles/cmTC_5e813.dir/link.txt --verbose=1
/usr/lib64/ccache/cc  -I/usr/src/com.unnsvc/com.unnsvc.buttcoin/bitcoindb/target/debug/build/leveldb-sys-b3eebc4395745c99/out/include -ffunction-sections -fdata-sections -fPIC -m64  -L/usr/src/com.unnsvc/com.unnsvc.buttcoin/bitcoindb/target/debug/build/leveldb-sys-b3eebc4395745c99/out/lib  CMakeFiles/cmTC_5e813.dir/CheckIncludeFile.c.o -o cmTC_5e813 
gmake[1]: Leaving directory '/usr/src/com.unnsvc/com.unnsvc.buttcoin/bitcoindb/target/debug/build/leveldb-sys-b3eebc4395745c99/out/build/CMakeFiles/CMakeTmp'



Determining if the function pthread_create exists in the pthread passed with the following output:
Change Dir: /usr/src/com.unnsvc/com.unnsvc.buttcoin/bitcoindb/target/debug/build/leveldb-sys-b3eebc4395745c99/out/build/CMakeFiles/CMakeTmp

Run Build Command(s):/usr/bin/gmake -f Makefile cmTC_ce288/fast && /usr/bin/gmake  -f CMakeFiles/cmTC_ce288.dir/build.make CMakeFiles/cmTC_ce288.dir/build
gmake[1]: Entering directory '/usr/src/com.unnsvc/com.unnsvc.buttcoin/bitcoindb/target/debug/build/leveldb-sys-b3eebc4395745c99/out/build/CMakeFiles/CMakeTmp'
Building C object CMakeFiles/cmTC_ce288.dir/CheckFunctionExists.c.o
/usr/lib64/ccache/cc   -I/usr/src/com.unnsvc/com.unnsvc.buttcoin/bitcoindb/target/debug/build/leveldb-sys-b3eebc4395745c99/out/include -ffunction-sections -fdata-sections -fPIC -m64 -DCHECK_FUNCTION_EXISTS=pthread_create -std=c11 -o CMakeFiles/cmTC_ce288.dir/CheckFunctionExists.c.o -c /usr/share/cmake/Modules/CheckFunctionExists.c
Linking C executable cmTC_ce288
/usr/bin/cmake -E cmake_link_script CMakeFiles/cmTC_ce288.dir/link.txt --verbose=1
/usr/lib64/ccache/cc  -I/usr/src/com.unnsvc/com.unnsvc.buttcoin/bitcoindb/target/debug/build/leveldb-sys-b3eebc4395745c99/out/include -ffunction-sections -fdata-sections -fPIC -m64 -DCHECK_FUNCTION_EXISTS=pthread_create -L/usr/src/com.unnsvc/com.unnsvc.buttcoin/bitcoindb/target/debug/build/leveldb-sys-b3eebc4395745c99/out/lib  CMakeFiles/cmTC_ce288.dir/CheckFunctionExists.c.o -o cmTC_ce288  -lpthread 
gmake[1]: Leaving directory '/usr/src/com.unnsvc/com.unnsvc.buttcoin/bitcoindb/target/debug/build/leveldb-sys-b3eebc4395745c99/out/build/CMakeFiles/CMakeTmp'



